<?xml version="1.0" encoding="UTF-8"?>
<!-- Generated by org.testng.reporters.JUnitXMLReporter -->
<testsuite ignored="6" hostname="LAPTOP-0AA086FB" failures="0" tests="2" name="Test" time="0.059" errors="0" timestamp="2022-07-04T21:34:28 IST">
  <testcase classname="testNGKeyword.MyTestClass1" name="b" time="0.01"/>
  <testcase classname="testNGKeyword.MyTestClass1" name="d" time="0.001"/>
  <testcase classname="testNGKeyword.MyTestClass2" name="r" time="0.0">
    <ignored/>
  </testcase> <!-- r -->
  <testcase classname="testNGKeyword.MyTestClass2" name="q" time="0.0">
    <ignored/>
  </testcase> <!-- q -->
  <testcase classname="testNGKeyword.MyTestClass2" name="s" time="0.0">
    <ignored/>
  </testcase> <!-- s -->
  <testcase classname="testNGKeyword.MyTestClass1" name="a" time="0.0">
    <ignored/>
  </testcase> <!-- a -->
  <testcase classname="testNGKeyword.MyTestClass2" name="p" time="0.0">
    <ignored/>
  </testcase> <!-- p -->
  <testcase classname="testNGKeyword.MyTestClass1" name="c" time="0.0">
    <ignored/>
  </testcase> <!-- c -->
</testsuite> <!-- Test -->
